<?xml version="1.0" encoding="UTF-8"?>
<testsuite name="ru.stqa.pft.addressbook.tests.ContactAddressTests" tests="1" skipped="0" failures="0" errors="0" timestamp="2020-12-06T13:25:27" hostname="DESKTOP-5L1D7AE" time="3.54">
  <properties/>
  <testcase name="testContactAddress" classname="ru.stqa.pft.addressbook.tests.ContactAddressTests" time="3.54"/>
  <system-out><![CDATA[]]></system-out>
  <system-err><![CDATA[]]></system-err>
</testsuite>
