<?xml version="1.0" encoding="UTF-8"?>
<testsuite name="ru.stqa.pft.addressbook.tests.GroupDeletionTests" tests="1" skipped="0" failures="0" errors="0" timestamp="2020-11-06T11:27:42" hostname="DESKTOP-5L1D7AE" time="0.505">
  <properties/>
  <testcase name="testGroupDeletion" classname="ru.stqa.pft.addressbook.tests.GroupDeletionTests" time="0.505"/>
  <system-out><![CDATA[]]></system-out>
  <system-err><![CDATA[1604662059311	geckodriver	INFO	Listening on 127.0.0.1:18718
1604662059827	mozrunner::runner	INFO	Running command: "C:\\Program Files\\Mozilla Firefox\\firefox.exe" "--marionette" "-foreground" "-no-remote" "-profile" "C:\\Users\\Xiaomi\\AppData\\Local\\Temp\\rust_mozprofileFbwae7"
JavaScript error: resource://gre/modules/XULStore.jsm, line 66: Error: Can't find profile directory.
console.warn: SearchSettings: "get: No settings file exists, new profile?" (new Error("", "(unknown module)"))
1604662061745	Marionette	INFO	Listening on port 49291
1604662061872	Marionette	WARN	TLS certificate errors will be ignored for this session
нояб. 06, 2020 2:27:41 PM org.openqa.selenium.remote.ProtocolHandshake createSession
INFO: Detected dialect: W3C
1604662063120	Marionette	INFO	Stopped listening on port 49291

###!!! [Child][MessageChannel::SendAndWait] Error: Channel error: cannot send/recv

]]></system-err>
</testsuite>
