<?xml version="1.0" encoding="UTF-8"?>
<testsuite name="ru.stqa.pft.addressbook.tests.ContactCreationTests" tests="1" skipped="0" failures="0" errors="0" timestamp="2020-11-06T11:27:18" hostname="DESKTOP-5L1D7AE" time="1.597">
  <properties/>
  <testcase name="testAddNewAdress" classname="ru.stqa.pft.addressbook.tests.ContactCreationTests" time="1.597"/>
  <system-out><![CDATA[]]></system-out>
  <system-err><![CDATA[SLF4J: Failed to load class "org.slf4j.impl.StaticLoggerBinder".
SLF4J: Defaulting to no-operation (NOP) logger implementation
SLF4J: See http://www.slf4j.org/codes.html#StaticLoggerBinder for further details.
1604662034034	geckodriver	INFO	Listening on 127.0.0.1:24939
1604662034769	mozrunner::runner	INFO	Running command: "C:\\Program Files\\Mozilla Firefox\\firefox.exe" "--marionette" "-foreground" "-no-remote" "-profile" "C:\\Users\\Xiaomi\\AppData\\Local\\Temp\\rust_mozprofilea3gkLm"
JavaScript error: resource://gre/modules/XULStore.jsm, line 66: Error: Can't find profile directory.
console.warn: SearchSettings: "get: No settings file exists, new profile?" (new Error("", "(unknown module)"))
1604662036757	Marionette	INFO	Listening on port 65503
1604662036830	Marionette	WARN	TLS certificate errors will be ignored for this session
нояб. 06, 2020 2:27:16 PM org.openqa.selenium.remote.ProtocolHandshake createSession
INFO: Detected dialect: W3C
1604662039820	Marionette	INFO	Stopped listening on port 65503

###!!! [Child][RunMessage] Error: Channel closing: too late to send/recv, messages will be lost


###!!! [Child][MessageChannel::SendAndWait] Error: Channel error: cannot send/recv

]]></system-err>
</testsuite>
