<?xml version="1.0" encoding="UTF-8"?>
<testsuite name="ru.stqa.pft.addressbook.tests.ContactDeletionTests" tests="1" skipped="0" failures="0" errors="0" timestamp="2020-11-06T11:27:25" hostname="DESKTOP-5L1D7AE" time="0.597">
  <properties/>
  <testcase name="testAddNewDeletion" classname="ru.stqa.pft.addressbook.tests.ContactDeletionTests" time="0.597"/>
  <system-out><![CDATA[]]></system-out>
  <system-err><![CDATA[1604662042300	geckodriver	INFO	Listening on 127.0.0.1:13531
1604662042788	mozrunner::runner	INFO	Running command: "C:\\Program Files\\Mozilla Firefox\\firefox.exe" "--marionette" "-foreground" "-no-remote" "-profile" "C:\\Users\\Xiaomi\\AppData\\Local\\Temp\\rust_mozprofileNRpq8E"
JavaScript error: resource://gre/modules/XULStore.jsm, line 66: Error: Can't find profile directory.
console.warn: SearchSettings: "get: No settings file exists, new profile?" (new Error("", "(unknown module)"))
1604662044838	Marionette	INFO	Listening on port 49158
1604662044952	Marionette	WARN	TLS certificate errors will be ignored for this session
нояб. 06, 2020 2:27:24 PM org.openqa.selenium.remote.ProtocolHandshake createSession
INFO: Detected dialect: W3C
1604662046286	Marionette	INFO	Stopped listening on port 49158
JavaScript error: chrome://marionette/content/navigate.js, line 213: TypeError: driver.dialogObserver is null

###!!! [Child][RunMessage] Error: Channel closing: too late to send/recv, messages will be lost


###!!! [Child][MessageChannel::SendAndWait] Error: Channel error: cannot send/recv

]]></system-err>
</testsuite>
